<?xml version="1.0" encoding="UTF-8"?>
<!-- Generated by org.testng.reporters.JUnitXMLReporter -->
<testsuite ignored="0" hostname="Girish" failures="0" tests="3" name="Test" time="426.479" errors="0" timestamp="2025-06-18T16:32:44 IST">
  <testcase classname="testCases.PlansourceTest" name="login_PlanSource" time="11.0"/>
  <testcase classname="testCases.PlansourceTest" name="enter_Employee_Details" time="6.489"/>
  <testcase classname="testCases.PlansourceTest" name="do_new_enrollment_and_select_medical_plan" time="404.604"/>
</testsuite> <!-- Test -->
