<?xml version="1.0" encoding="UTF-8"?>
<testng-results ignored="0" total="3" passed="3" failed="0" skipped="0">
  <reporter-output>
  </reporter-output>
  <suite started-at="2025-06-18T16:47:46 IST" name="Default suite" finished-at="2025-06-18T16:50:07 IST" duration-ms="141547">
    <groups>
    </groups>
    <test started-at="2025-06-18T16:47:46 IST" name="Default test" finished-at="2025-06-18T16:50:07 IST" duration-ms="141547">
      <class name="testCases.PlansourceTest">
        <test-method is-config="true" signature="setup()[pri:0, instance:testCases.PlansourceTest@4b14918a]" started-at="2025-06-18T16:47:46 IST" name="setup" finished-at="2025-06-18T16:47:50 IST" duration-ms="3839" status="PASS">
          <reporter-output>
          </reporter-output>
        </test-method> <!-- setup -->
        <test-method signature="login_PlanSource()[pri:0, instance:testCases.PlansourceTest@4b14918a]" started-at="2025-06-18T16:47:50 IST" name="login_PlanSource" finished-at="2025-06-18T16:48:18 IST" duration-ms="28448" status="PASS">
          <reporter-output>
          </reporter-output>
        </test-method> <!-- login_PlanSource -->
        <test-method signature="enter_Employee_Details()[pri:0, instance:testCases.PlansourceTest@4b14918a]" started-at="2025-06-18T16:48:18 IST" name="enter_Employee_Details" finished-at="2025-06-18T16:48:33 IST" depends-on-methods="testCases.PlansourceTest.login_PlanSource" duration-ms="14853" status="PASS">
          <reporter-output>
          </reporter-output>
        </test-method> <!-- enter_Employee_Details -->
        <test-method signature="do_new_enrollment_and_select_medical_plan()[pri:0, instance:testCases.PlansourceTest@4b14918a]" started-at="2025-06-18T16:48:33 IST" name="do_new_enrollment_and_select_medical_plan" finished-at="2025-06-18T16:50:07 IST" depends-on-methods="testCases.PlansourceTest.enter_Employee_Details" duration-ms="93992" status="PASS">
          <reporter-output>
          </reporter-output>
        </test-method> <!-- do_new_enrollment_and_select_medical_plan -->
        <test-method is-config="true" signature="tearDown()[pri:0, instance:testCases.PlansourceTest@4b14918a]" started-at="2025-06-18T16:50:07 IST" name="tearDown" finished-at="2025-06-18T16:50:07 IST" duration-ms="335" status="PASS">
          <reporter-output>
          </reporter-output>
        </test-method> <!-- tearDown -->
      </class> <!-- testCases.PlansourceTest -->
    </test> <!-- Default test -->
  </suite> <!-- Default suite -->
</testng-results>
